[0m08:03:49.334161 [debug] [MainThread]: Sending event: {'category': 'dbt', 'action': 'invocation', 'label': 'start', 'context': [<snowplow_tracker.self_describing_json.SelfDescribingJson object at 0x104a66120>, <snowplow_tracker.self_describing_json.SelfDescribingJson object at 0x1072c17f0>, <snowplow_tracker.self_describing_json.SelfDescribingJson object at 0x1072c12e0>]}


============================== 08:03:49.336751 | c91ab771-e960-40a6-9279-b3e698a97ad8 ==============================
[0m08:03:49.336751 [info ] [MainThread]: Running with dbt=1.11.11
[0m08:03:49.337028 [debug] [MainThread]: running dbt with arguments {'warn_error_options': 'WarnErrorOptionsV2(error=[], warn=[], silence=[])', 'target_path': 'None', 'version_check': 'True', 'introspect': 'True', 'no_print': 'None', 'debug': 'False', 'fail_fast': 'False', 'use_experimental_parser': 'False', 'invocation_command': 'dbt init airspace_models', 'indirect_selection': 'eager', 'log_format': 'default', 'partial_parse': 'True', 'log_path': 'logs', 'log_cache_events': 'False', 'empty': 'None', 'printer_width': '80', 'profiles_dir': '/Users/shriyankatiki/.dbt', 'cache_selected_only': 'False', 'warn_error': 'None', 'use_colors': 'True', 'write_json': 'True', 'send_anonymous_usage_stats': 'True', 'quiet': 'False', 'static_parser': 'True'}
[0m08:03:49.346097 [debug] [MainThread]: Starter project path: /Users/shriyankatiki/Documents/datasys/airspace/venv/lib/python3.12/site-packages/dbt/include/starter_project
[0m08:03:49.350167 [info ] [MainThread]: 
Your new dbt project "airspace_models" was created!

For more information on how to configure the profiles.yml file,
please consult the dbt documentation here:

  https://docs.getdbt.com/docs/configure-your-profile

One more thing:

Need help? Don't hesitate to reach out to us via GitHub issues or on Slack:

  https://community.getdbt.com/

Happy modeling!

[0m08:03:49.350387 [info ] [MainThread]: Setting up your profile.
[0m08:05:39.365204 [info ] [MainThread]: Profile airspace_models written to /Users/shriyankatiki/.dbt/profiles.yml using target's profile_template.yml and your supplied values. Run 'dbt debug' to validate the connection.
[0m08:05:39.420316 [debug] [MainThread]: Resource report: {"command_name": "init", "command_success": true, "command_wall_clock_time": 110.124405, "process_in_blocks": "0", "process_kernel_time": 0.381973, "process_mem_max_rss": "199524352", "process_out_blocks": "0", "process_user_time": 0.966735}
[0m08:05:39.422422 [debug] [MainThread]: Command `dbt init` succeeded at 08:05:39.421943 after 110.13 seconds
[0m08:05:39.424152 [debug] [MainThread]: Sending event: {'category': 'dbt', 'action': 'invocation', 'label': 'end', 'context': [<snowplow_tracker.self_describing_json.SelfDescribingJson object at 0x1072c15e0>, <snowplow_tracker.self_describing_json.SelfDescribingJson object at 0x15998c080>, <snowplow_tracker.self_describing_json.SelfDescribingJson object at 0x1068f51c0>]}
[0m08:05:39.426191 [debug] [MainThread]: Flushing usage events
[0m08:05:39.993059 [debug] [MainThread]: An error was encountered while trying to flush usage events
[0m08:09:02.667915 [debug] [MainThread]: Sending event: {'category': 'dbt', 'action': 'invocation', 'label': 'start', 'context': [<snowplow_tracker.self_describing_json.SelfDescribingJson object at 0x108e49c40>, <snowplow_tracker.self_describing_json.SelfDescribingJson object at 0x10abc1a00>, <snowplow_tracker.self_describing_json.SelfDescribingJson object at 0x10abc1550>]}


============================== 08:09:02.671302 | 85355427-b9e4-4b48-8ccb-a29f4cac996d ==============================
[0m08:09:02.671302 [info ] [MainThread]: Running with dbt=1.11.11
[0m08:09:02.671641 [debug] [MainThread]: running dbt with arguments {'empty': 'None', 'send_anonymous_usage_stats': 'True', 'warn_error': 'None', 'log_format': 'default', 'version_check': 'True', 'indirect_selection': 'eager', 'partial_parse': 'True', 'use_experimental_parser': 'False', 'cache_selected_only': 'False', 'introspect': 'True', 'use_colors': 'True', 'debug': 'False', 'write_json': 'True', 'warn_error_options': 'WarnErrorOptionsV2(error=[], warn=[], silence=[])', 'fail_fast': 'False', 'profiles_dir': '/Users/shriyankatiki/.dbt', 'log_cache_events': 'False', 'quiet': 'False', 'target_path': 'None', 'no_print': 'None', 'invocation_command': 'dbt debug', 'static_parser': 'True', 'log_path': 'logs', 'printer_width': '80'}
[0m08:09:02.683637 [info ] [MainThread]: dbt version: 1.11.11
[0m08:09:02.683931 [info ] [MainThread]: python version: 3.12.7
[0m08:09:02.684192 [info ] [MainThread]: python path: /Users/shriyankatiki/Documents/datasys/airspace/venv/bin/python
[0m08:09:02.684489 [info ] [MainThread]: os info: macOS-26.3-arm64-arm-64bit
[0m08:09:03.409490 [info ] [MainThread]: Error importing adapter: No module named 'dbt.adapters.postgres'
[0m08:09:03.409803 [info ] [MainThread]: Using profiles dir at /Users/shriyankatiki/.dbt
[0m08:09:03.409947 [info ] [MainThread]: Using profiles.yml file at /Users/shriyankatiki/.dbt/profiles.yml
[0m08:09:03.410065 [info ] [MainThread]: Using dbt_project.yml file at /Users/shriyankatiki/Documents/datasys/airspace/dbt_project.yml
[0m08:09:03.410190 [info ] [MainThread]: Configuration:
[0m08:09:03.410305 [info ] [MainThread]:   profiles.yml file [[31mERROR invalid[0m]
[0m08:09:03.410410 [info ] [MainThread]:   dbt_project.yml file [[31mERROR not found[0m]
[0m08:09:03.410517 [info ] [MainThread]: Required dependencies:
[0m08:09:03.410665 [debug] [MainThread]: Executing "git --help"
[0m08:09:03.444081 [debug] [MainThread]: STDOUT: "b"usage: git [-v | --version] [-h | --help] [-C <path>] [-c <name>=<value>]\n           [--exec-path[=<path>]] [--html-path] [--man-path] [--info-path]\n           [-p | --paginate | -P | --no-pager] [--no-replace-objects] [--no-lazy-fetch]\n           [--no-optional-locks] [--no-advice] [--bare] [--git-dir=<path>]\n           [--work-tree=<path>] [--namespace=<name>] [--config-env=<name>=<envvar>]\n           <command> [<args>]\n\nThese are common Git commands used in various situations:\n\nstart a working area (see also: git help tutorial)\n   clone      Clone a repository into a new directory\n   init       Create an empty Git repository or reinitialize an existing one\n\nwork on the current change (see also: git help everyday)\n   add        Add file contents to the index\n   mv         Move or rename a file, a directory, or a symlink\n   restore    Restore working tree files\n   rm         Remove files from the working tree and from the index\n\nexamine the history and state (see also: git help revisions)\n   bisect     Use binary search to find the commit that introduced a bug\n   diff       Show changes between commits, commit and working tree, etc\n   grep       Print lines matching a pattern\n   log        Show commit logs\n   show       Show various types of objects\n   status     Show the working tree status\n\ngrow, mark and tweak your common history\n   backfill   Download missing objects in a partial clone\n   branch     List, create, or delete branches\n   commit     Record changes to the repository\n   merge      Join two or more development histories together\n   rebase     Reapply commits on top of another base tip\n   reset      Reset current HEAD to the specified state\n   switch     Switch branches\n   tag        Create, list, delete or verify a tag object signed with GPG\n\ncollaborate (see also: git help workflows)\n   fetch      Download objects and refs from another repository\n   pull       Fetch from and integrate with another repository or a local branch\n   push       Update remote refs along with associated objects\n\n'git help -a' and 'git help -g' list available subcommands and some\nconcept guides. See 'git help <command>' or 'git help <concept>'\nto read about a specific subcommand or concept.\nSee 'git help git' for an overview of the system.\n""
[0m08:09:03.444623 [debug] [MainThread]: STDERR: "b''"
[0m08:09:03.444823 [info ] [MainThread]:  - git [[32mOK found[0m]

[0m08:09:03.444976 [info ] [MainThread]: Connection test skipped since no profile was found
[0m08:09:03.445204 [info ] [MainThread]: [31m2 checks failed:[0m
[0m08:09:03.445334 [info ] [MainThread]: Could not load dbt_project.yml
Profile loading failed for the following reason:
Runtime Error
  Credentials in profile "safestreets_dbt", target "dev" invalid: Runtime Error
    Could not find adapter type postgres!


[0m08:09:03.445461 [info ] [MainThread]: Project loading failed for the following reason:
 project path </Users/shriyankatiki/Documents/datasys/airspace/dbt_project.yml> not found

[0m08:09:03.448431 [debug] [MainThread]: Resource report: {"command_name": "debug", "command_success": false, "command_wall_clock_time": 0.82030755, "process_in_blocks": "0", "process_kernel_time": 0.276605, "process_mem_max_rss": "213876736", "process_out_blocks": "0", "process_user_time": 0.916607}
[0m08:09:03.448919 [debug] [MainThread]: Command `dbt debug` failed at 08:09:03.448877 after 0.82 seconds
[0m08:09:03.449174 [debug] [MainThread]: Sending event: {'category': 'dbt', 'action': 'invocation', 'label': 'end', 'context': [<snowplow_tracker.self_describing_json.SelfDescribingJson object at 0x144b7d040>, <snowplow_tracker.self_describing_json.SelfDescribingJson object at 0x109fa4dd0>, <snowplow_tracker.self_describing_json.SelfDescribingJson object at 0x142385f70>]}
[0m08:09:03.449386 [debug] [MainThread]: Flushing usage events
[0m08:09:04.044483 [debug] [MainThread]: An error was encountered while trying to flush usage events
